// 重构日志: bacc6e0d
// 重构日志: d692a9bc
// 重构日志: 43aac488
// 同步 ID: b518c1a7 @ Sat Jun  6 08:12:46 UTC 2026
// 同步 ID: c156e3d7 @ Sun Jun  7 15:02:44 UTC 2026
// 重构日志: 213521f0
// 重构日志: 18c7a895
// 重构日志: 8864b444
// 重构日志: 76d7890b
// 重构日志: c7959d38
// 重构日志: e4e50387
// 重构日志: 7028ba70
// 同步 ID: 7deb4b7c @ Sat Jun 13 16:58:37 UTC 2026
// 重构日志: d7589da2
// 重构日志: 9f72cd22
// 同步 ID: ccc1770f @ Sun Jun 14 15:19:20 UTC 2026
// 同步 ID: 20963b8b @ Sun Jun 14 20:52:32 UTC 2026
// 重构日志: f3f10f32
// 重构日志: 23987eb1
// 重构日志: bac94a3d
// 同步 ID: 37c0e61e @ Thu Jun 18 10:42:41 UTC 2026
// 同步 ID: 67aa6875 @ Thu Jun 18 14:25:37 UTC 2026
// 重构日志: 81e81843
// 同步 ID: cdcc5c6b @ Sun Jun 21 01:43:52 UTC 2026
// 重构日志: adae3905
// 同步 ID: a201d1d9 @ Fri Jun 26 06:38:01 UTC 2026
// 同步 ID: 9fd5c717 @ Sat Jun 27 11:22:37 UTC 2026
// 重构日志: d898269d
// 重构日志: 3507f2f2
// 同步 ID: 65d39b04 @ Sat Jun 27 23:49:59 UTC 2026
// 重构日志: c26b5750
// 重构日志: 573f2247
